<?xml version="1.0" encoding="UTF-8"?>
<!-- Generated by org.testng.reporters.JUnitReportReporter -->
<testsuite hostname="MSI" failures="0" tests="50" name="com.typicode.jsonplaceholder.tests.CommentTests" time="9.792" errors="0" timestamp="2021-05-14T05:29:20 IST" skipped="0">
  <testcase classname="com.typicode.jsonplaceholder.tests.CommentTests" name="verifyCommentEmailTest" time="0.132"/>
  <system-out/>
  <testcase classname="com.typicode.jsonplaceholder.tests.CommentTests" name="verifyCommentEmailTest" time="0.141"/>
  <system-out/>
  <testcase classname="com.typicode.jsonplaceholder.tests.CommentTests" name="verifyCommentEmailTest" time="0.147"/>
  <system-out/>
  <testcase classname="com.typicode.jsonplaceholder.tests.CommentTests" name="verifyCommentEmailTest" time="0.140"/>
  <system-out/>
  <testcase classname="com.typicode.jsonplaceholder.tests.CommentTests" name="verifyCommentEmailTest" time="0.163"/>
  <system-out/>
  <testcase classname="com.typicode.jsonplaceholder.tests.CommentTests" name="verifyCommentEmailTest" time="0.227"/>
  <system-out/>
  <testcase classname="com.typicode.jsonplaceholder.tests.CommentTests" name="verifyCommentEmailTest" time="0.157"/>
  <system-out/>
  <testcase classname="com.typicode.jsonplaceholder.tests.CommentTests" name="verifyCommentEmailTest" time="0.171"/>
  <system-out/>
  <testcase classname="com.typicode.jsonplaceholder.tests.CommentTests" name="verifyCommentEmailTest" time="0.140"/>
  <system-out/>
  <testcase classname="com.typicode.jsonplaceholder.tests.CommentTests" name="verifyCommentEmailTest" time="0.152"/>
  <system-out/>
  <testcase classname="com.typicode.jsonplaceholder.tests.CommentTests" name="verifyCommentEmailTest" time="1.155"/>
  <system-out/>
  <testcase classname="com.typicode.jsonplaceholder.tests.CommentTests" name="verifyCommentEmailTest" time="0.161"/>
  <system-out/>
  <testcase classname="com.typicode.jsonplaceholder.tests.CommentTests" name="verifyCommentEmailTest" time="0.138"/>
  <system-out/>
  <testcase classname="com.typicode.jsonplaceholder.tests.CommentTests" name="verifyCommentEmailTest" time="0.167"/>
  <system-out/>
  <testcase classname="com.typicode.jsonplaceholder.tests.CommentTests" name="verifyCommentEmailTest" time="0.188"/>
  <system-out/>
  <testcase classname="com.typicode.jsonplaceholder.tests.CommentTests" name="verifyCommentEmailTest" time="0.142"/>
  <system-out/>
  <testcase classname="com.typicode.jsonplaceholder.tests.CommentTests" name="verifyCommentEmailTest" time="0.146"/>
  <system-out/>
  <testcase classname="com.typicode.jsonplaceholder.tests.CommentTests" name="verifyCommentEmailTest" time="0.179"/>
  <system-out/>
  <testcase classname="com.typicode.jsonplaceholder.tests.CommentTests" name="verifyCommentEmailTest" time="0.140"/>
  <system-out/>
  <testcase classname="com.typicode.jsonplaceholder.tests.CommentTests" name="verifyCommentEmailTest" time="0.141"/>
  <system-out/>
  <testcase classname="com.typicode.jsonplaceholder.tests.CommentTests" name="verifyCommentEmailTest" time="0.163"/>
  <system-out/>
  <testcase classname="com.typicode.jsonplaceholder.tests.CommentTests" name="verifyCommentEmailTest" time="0.138"/>
  <system-out/>
  <testcase classname="com.typicode.jsonplaceholder.tests.CommentTests" name="verifyCommentEmailTest" time="0.166"/>
  <system-out/>
  <testcase classname="com.typicode.jsonplaceholder.tests.CommentTests" name="verifyCommentEmailTest" time="0.164"/>
  <system-out/>
  <testcase classname="com.typicode.jsonplaceholder.tests.CommentTests" name="verifyCommentEmailTest" time="0.147"/>
  <system-out/>
  <testcase classname="com.typicode.jsonplaceholder.tests.CommentTests" name="verifyCommentEmailTest" time="0.161"/>
  <system-out/>
  <testcase classname="com.typicode.jsonplaceholder.tests.CommentTests" name="verifyCommentEmailTest" time="0.151"/>
  <system-out/>
  <testcase classname="com.typicode.jsonplaceholder.tests.CommentTests" name="verifyCommentEmailTest" time="0.151"/>
  <system-out/>
  <testcase classname="com.typicode.jsonplaceholder.tests.CommentTests" name="verifyCommentEmailTest" time="0.141"/>
  <system-out/>
  <testcase classname="com.typicode.jsonplaceholder.tests.CommentTests" name="verifyCommentEmailTest" time="0.144"/>
  <system-out/>
  <testcase classname="com.typicode.jsonplaceholder.tests.CommentTests" name="verifyCommentEmailTest" time="0.116"/>
  <system-out/>
  <testcase classname="com.typicode.jsonplaceholder.tests.CommentTests" name="verifyCommentEmailTest" time="0.141"/>
  <system-out/>
  <testcase classname="com.typicode.jsonplaceholder.tests.CommentTests" name="verifyCommentEmailTest" time="1.361"/>
  <system-out/>
  <testcase classname="com.typicode.jsonplaceholder.tests.CommentTests" name="verifyCommentEmailTest" time="0.165"/>
  <system-out/>
  <testcase classname="com.typicode.jsonplaceholder.tests.CommentTests" name="verifyCommentEmailTest" time="0.148"/>
  <system-out/>
  <testcase classname="com.typicode.jsonplaceholder.tests.CommentTests" name="verifyCommentEmailTest" time="0.124"/>
  <system-out/>
  <testcase classname="com.typicode.jsonplaceholder.tests.CommentTests" name="verifyCommentEmailTest" time="0.147"/>
  <system-out/>
  <testcase classname="com.typicode.jsonplaceholder.tests.CommentTests" name="verifyCommentEmailTest" time="0.154"/>
  <system-out/>
  <testcase classname="com.typicode.jsonplaceholder.tests.CommentTests" name="verifyCommentEmailTest" time="0.146"/>
  <system-out/>
  <testcase classname="com.typicode.jsonplaceholder.tests.CommentTests" name="verifyCommentEmailTest" time="0.141"/>
  <system-out/>
  <testcase classname="com.typicode.jsonplaceholder.tests.CommentTests" name="verifyCommentEmailTest" time="0.166"/>
  <system-out/>
  <testcase classname="com.typicode.jsonplaceholder.tests.CommentTests" name="verifyCommentEmailTest" time="0.140"/>
  <system-out/>
  <testcase classname="com.typicode.jsonplaceholder.tests.CommentTests" name="verifyCommentEmailTest" time="0.210"/>
  <system-out/>
  <testcase classname="com.typicode.jsonplaceholder.tests.CommentTests" name="verifyCommentEmailTest" time="0.141"/>
  <system-out/>
  <testcase classname="com.typicode.jsonplaceholder.tests.CommentTests" name="verifyCommentEmailTest" time="0.149"/>
  <system-out/>
  <testcase classname="com.typicode.jsonplaceholder.tests.CommentTests" name="verifyCommentEmailTest" time="0.129"/>
  <system-out/>
  <testcase classname="com.typicode.jsonplaceholder.tests.CommentTests" name="verifyCommentEmailTest" time="0.172"/>
  <system-out/>
  <testcase classname="com.typicode.jsonplaceholder.tests.CommentTests" name="verifyCommentEmailTest" time="0.121"/>
  <system-out/>
  <testcase classname="com.typicode.jsonplaceholder.tests.CommentTests" name="verifyCommentEmailTest" time="0.116"/>
  <system-out/>
  <testcase classname="com.typicode.jsonplaceholder.tests.CommentTests" name="verifyCommentEmailTest" time="0.152"/>
  <system-out/>
</testsuite> <!-- com.typicode.jsonplaceholder.tests.CommentTests -->
