<?xml version="1.0" encoding="UTF-8"?>
<!-- Generated by org.testng.reporters.JUnitReportReporter -->
<testsuite hostname="MSI" failures="0" tests="50" name="com.typicode.jsonplaceholder.tests.CommentTests" time="8.492" errors="0" timestamp="2021-05-13T12:20:16 IST" skipped="0">
  <testcase classname="com.typicode.jsonplaceholder.tests.CommentTests" name="verifyCommentEmailTest" time="0.151"/>
  <system-out/>
  <testcase classname="com.typicode.jsonplaceholder.tests.CommentTests" name="verifyCommentEmailTest" time="0.151"/>
  <system-out/>
  <testcase classname="com.typicode.jsonplaceholder.tests.CommentTests" name="verifyCommentEmailTest" time="0.133"/>
  <system-out/>
  <testcase classname="com.typicode.jsonplaceholder.tests.CommentTests" name="verifyCommentEmailTest" time="0.135"/>
  <system-out/>
  <testcase classname="com.typicode.jsonplaceholder.tests.CommentTests" name="verifyCommentEmailTest" time="0.158"/>
  <system-out/>
  <testcase classname="com.typicode.jsonplaceholder.tests.CommentTests" name="verifyCommentEmailTest" time="0.129"/>
  <system-out/>
  <testcase classname="com.typicode.jsonplaceholder.tests.CommentTests" name="verifyCommentEmailTest" time="0.146"/>
  <system-out/>
  <testcase classname="com.typicode.jsonplaceholder.tests.CommentTests" name="verifyCommentEmailTest" time="0.126"/>
  <system-out/>
  <testcase classname="com.typicode.jsonplaceholder.tests.CommentTests" name="verifyCommentEmailTest" time="0.153"/>
  <system-out/>
  <testcase classname="com.typicode.jsonplaceholder.tests.CommentTests" name="verifyCommentEmailTest" time="0.140"/>
  <system-out/>
  <testcase classname="com.typicode.jsonplaceholder.tests.CommentTests" name="verifyCommentEmailTest" time="0.161"/>
  <system-out/>
  <testcase classname="com.typicode.jsonplaceholder.tests.CommentTests" name="verifyCommentEmailTest" time="0.148"/>
  <system-out/>
  <testcase classname="com.typicode.jsonplaceholder.tests.CommentTests" name="verifyCommentEmailTest" time="1.319"/>
  <system-out/>
  <testcase classname="com.typicode.jsonplaceholder.tests.CommentTests" name="verifyCommentEmailTest" time="0.150"/>
  <system-out/>
  <testcase classname="com.typicode.jsonplaceholder.tests.CommentTests" name="verifyCommentEmailTest" time="0.142"/>
  <system-out/>
  <testcase classname="com.typicode.jsonplaceholder.tests.CommentTests" name="verifyCommentEmailTest" time="0.132"/>
  <system-out/>
  <testcase classname="com.typicode.jsonplaceholder.tests.CommentTests" name="verifyCommentEmailTest" time="0.137"/>
  <system-out/>
  <testcase classname="com.typicode.jsonplaceholder.tests.CommentTests" name="verifyCommentEmailTest" time="0.133"/>
  <system-out/>
  <testcase classname="com.typicode.jsonplaceholder.tests.CommentTests" name="verifyCommentEmailTest" time="0.189"/>
  <system-out/>
  <testcase classname="com.typicode.jsonplaceholder.tests.CommentTests" name="verifyCommentEmailTest" time="0.152"/>
  <system-out/>
  <testcase classname="com.typicode.jsonplaceholder.tests.CommentTests" name="verifyCommentEmailTest" time="0.147"/>
  <system-out/>
  <testcase classname="com.typicode.jsonplaceholder.tests.CommentTests" name="verifyCommentEmailTest" time="0.143"/>
  <system-out/>
  <testcase classname="com.typicode.jsonplaceholder.tests.CommentTests" name="verifyCommentEmailTest" time="0.157"/>
  <system-out/>
  <testcase classname="com.typicode.jsonplaceholder.tests.CommentTests" name="verifyCommentEmailTest" time="0.148"/>
  <system-out/>
  <testcase classname="com.typicode.jsonplaceholder.tests.CommentTests" name="verifyCommentEmailTest" time="0.134"/>
  <system-out/>
  <testcase classname="com.typicode.jsonplaceholder.tests.CommentTests" name="verifyCommentEmailTest" time="0.149"/>
  <system-out/>
  <testcase classname="com.typicode.jsonplaceholder.tests.CommentTests" name="verifyCommentEmailTest" time="0.140"/>
  <system-out/>
  <testcase classname="com.typicode.jsonplaceholder.tests.CommentTests" name="verifyCommentEmailTest" time="0.134"/>
  <system-out/>
  <testcase classname="com.typicode.jsonplaceholder.tests.CommentTests" name="verifyCommentEmailTest" time="0.201"/>
  <system-out/>
  <testcase classname="com.typicode.jsonplaceholder.tests.CommentTests" name="verifyCommentEmailTest" time="0.150"/>
  <system-out/>
  <testcase classname="com.typicode.jsonplaceholder.tests.CommentTests" name="verifyCommentEmailTest" time="0.125"/>
  <system-out/>
  <testcase classname="com.typicode.jsonplaceholder.tests.CommentTests" name="verifyCommentEmailTest" time="0.132"/>
  <system-out/>
  <testcase classname="com.typicode.jsonplaceholder.tests.CommentTests" name="verifyCommentEmailTest" time="0.127"/>
  <system-out/>
  <testcase classname="com.typicode.jsonplaceholder.tests.CommentTests" name="verifyCommentEmailTest" time="0.147"/>
  <system-out/>
  <testcase classname="com.typicode.jsonplaceholder.tests.CommentTests" name="verifyCommentEmailTest" time="0.155"/>
  <system-out/>
  <testcase classname="com.typicode.jsonplaceholder.tests.CommentTests" name="verifyCommentEmailTest" time="0.162"/>
  <system-out/>
  <testcase classname="com.typicode.jsonplaceholder.tests.CommentTests" name="verifyCommentEmailTest" time="0.158"/>
  <system-out/>
  <testcase classname="com.typicode.jsonplaceholder.tests.CommentTests" name="verifyCommentEmailTest" time="0.130"/>
  <system-out/>
  <testcase classname="com.typicode.jsonplaceholder.tests.CommentTests" name="verifyCommentEmailTest" time="0.131"/>
  <system-out/>
  <testcase classname="com.typicode.jsonplaceholder.tests.CommentTests" name="verifyCommentEmailTest" time="0.165"/>
  <system-out/>
  <testcase classname="com.typicode.jsonplaceholder.tests.CommentTests" name="verifyCommentEmailTest" time="0.136"/>
  <system-out/>
  <testcase classname="com.typicode.jsonplaceholder.tests.CommentTests" name="verifyCommentEmailTest" time="0.128"/>
  <system-out/>
  <testcase classname="com.typicode.jsonplaceholder.tests.CommentTests" name="verifyCommentEmailTest" time="0.180"/>
  <system-out/>
  <testcase classname="com.typicode.jsonplaceholder.tests.CommentTests" name="verifyCommentEmailTest" time="0.131"/>
  <system-out/>
  <testcase classname="com.typicode.jsonplaceholder.tests.CommentTests" name="verifyCommentEmailTest" time="0.161"/>
  <system-out/>
  <testcase classname="com.typicode.jsonplaceholder.tests.CommentTests" name="verifyCommentEmailTest" time="0.155"/>
  <system-out/>
  <testcase classname="com.typicode.jsonplaceholder.tests.CommentTests" name="verifyCommentEmailTest" time="0.124"/>
  <system-out/>
  <testcase classname="com.typicode.jsonplaceholder.tests.CommentTests" name="verifyCommentEmailTest" time="0.143"/>
  <system-out/>
  <testcase classname="com.typicode.jsonplaceholder.tests.CommentTests" name="verifyCommentEmailTest" time="0.160"/>
  <system-out/>
  <testcase classname="com.typicode.jsonplaceholder.tests.CommentTests" name="verifyCommentEmailTest" time="0.154"/>
  <system-out/>
</testsuite> <!-- com.typicode.jsonplaceholder.tests.CommentTests -->
