<?xml version="1.0" encoding="UTF-8"?>
<!-- Generated by org.testng.reporters.JUnitReportReporter -->
<testsuite hostname="MSI" failures="0" tests="50" name="com.typicode.jsonplaceholder.tests.CommentTests" time="8.776" errors="0" timestamp="2021-05-14T16:23:17 IST" skipped="0">
  <testcase classname="com.typicode.jsonplaceholder.tests.CommentTests" name="verifyEmailTest" time="0.144"/>
  <system-out/>
  <testcase classname="com.typicode.jsonplaceholder.tests.CommentTests" name="verifyEmailTest" time="0.136"/>
  <system-out/>
  <testcase classname="com.typicode.jsonplaceholder.tests.CommentTests" name="verifyEmailTest" time="0.152"/>
  <system-out/>
  <testcase classname="com.typicode.jsonplaceholder.tests.CommentTests" name="verifyEmailTest" time="0.150"/>
  <system-out/>
  <testcase classname="com.typicode.jsonplaceholder.tests.CommentTests" name="verifyEmailTest" time="0.127"/>
  <system-out/>
  <testcase classname="com.typicode.jsonplaceholder.tests.CommentTests" name="verifyEmailTest" time="0.139"/>
  <system-out/>
  <testcase classname="com.typicode.jsonplaceholder.tests.CommentTests" name="verifyEmailTest" time="0.212"/>
  <system-out/>
  <testcase classname="com.typicode.jsonplaceholder.tests.CommentTests" name="verifyEmailTest" time="0.157"/>
  <system-out/>
  <testcase classname="com.typicode.jsonplaceholder.tests.CommentTests" name="verifyEmailTest" time="0.153"/>
  <system-out/>
  <testcase classname="com.typicode.jsonplaceholder.tests.CommentTests" name="verifyEmailTest" time="0.145"/>
  <system-out/>
  <testcase classname="com.typicode.jsonplaceholder.tests.CommentTests" name="verifyEmailTest" time="0.156"/>
  <system-out/>
  <testcase classname="com.typicode.jsonplaceholder.tests.CommentTests" name="verifyEmailTest" time="0.133"/>
  <system-out/>
  <testcase classname="com.typicode.jsonplaceholder.tests.CommentTests" name="verifyEmailTest" time="0.162"/>
  <system-out/>
  <testcase classname="com.typicode.jsonplaceholder.tests.CommentTests" name="verifyEmailTest" time="0.119"/>
  <system-out/>
  <testcase classname="com.typicode.jsonplaceholder.tests.CommentTests" name="verifyEmailTest" time="0.140"/>
  <system-out/>
  <testcase classname="com.typicode.jsonplaceholder.tests.CommentTests" name="verifyEmailTest" time="0.147"/>
  <system-out/>
  <testcase classname="com.typicode.jsonplaceholder.tests.CommentTests" name="verifyEmailTest" time="0.129"/>
  <system-out/>
  <testcase classname="com.typicode.jsonplaceholder.tests.CommentTests" name="verifyEmailTest" time="0.139"/>
  <system-out/>
  <testcase classname="com.typicode.jsonplaceholder.tests.CommentTests" name="verifyEmailTest" time="0.172"/>
  <system-out/>
  <testcase classname="com.typicode.jsonplaceholder.tests.CommentTests" name="verifyEmailTest" time="0.158"/>
  <system-out/>
  <testcase classname="com.typicode.jsonplaceholder.tests.CommentTests" name="verifyEmailTest" time="0.170"/>
  <system-out/>
  <testcase classname="com.typicode.jsonplaceholder.tests.CommentTests" name="verifyEmailTest" time="0.137"/>
  <system-out/>
  <testcase classname="com.typicode.jsonplaceholder.tests.CommentTests" name="verifyEmailTest" time="0.197"/>
  <system-out/>
  <testcase classname="com.typicode.jsonplaceholder.tests.CommentTests" name="verifyEmailTest" time="0.182"/>
  <system-out/>
  <testcase classname="com.typicode.jsonplaceholder.tests.CommentTests" name="verifyEmailTest" time="0.169"/>
  <system-out/>
  <testcase classname="com.typicode.jsonplaceholder.tests.CommentTests" name="verifyEmailTest" time="0.158"/>
  <system-out/>
  <testcase classname="com.typicode.jsonplaceholder.tests.CommentTests" name="verifyEmailTest" time="0.145"/>
  <system-out/>
  <testcase classname="com.typicode.jsonplaceholder.tests.CommentTests" name="verifyEmailTest" time="0.143"/>
  <system-out/>
  <testcase classname="com.typicode.jsonplaceholder.tests.CommentTests" name="verifyEmailTest" time="0.144"/>
  <system-out/>
  <testcase classname="com.typicode.jsonplaceholder.tests.CommentTests" name="verifyEmailTest" time="0.141"/>
  <system-out/>
  <testcase classname="com.typicode.jsonplaceholder.tests.CommentTests" name="verifyEmailTest" time="0.176"/>
  <system-out/>
  <testcase classname="com.typicode.jsonplaceholder.tests.CommentTests" name="verifyEmailTest" time="0.167"/>
  <system-out/>
  <testcase classname="com.typicode.jsonplaceholder.tests.CommentTests" name="verifyEmailTest" time="0.148"/>
  <system-out/>
  <testcase classname="com.typicode.jsonplaceholder.tests.CommentTests" name="verifyEmailTest" time="0.146"/>
  <system-out/>
  <testcase classname="com.typicode.jsonplaceholder.tests.CommentTests" name="verifyEmailTest" time="1.381"/>
  <system-out/>
  <testcase classname="com.typicode.jsonplaceholder.tests.CommentTests" name="verifyEmailTest" time="0.161"/>
  <system-out/>
  <testcase classname="com.typicode.jsonplaceholder.tests.CommentTests" name="verifyEmailTest" time="0.143"/>
  <system-out/>
  <testcase classname="com.typicode.jsonplaceholder.tests.CommentTests" name="verifyEmailTest" time="0.151"/>
  <system-out/>
  <testcase classname="com.typicode.jsonplaceholder.tests.CommentTests" name="verifyEmailTest" time="0.158"/>
  <system-out/>
  <testcase classname="com.typicode.jsonplaceholder.tests.CommentTests" name="verifyEmailTest" time="0.151"/>
  <system-out/>
  <testcase classname="com.typicode.jsonplaceholder.tests.CommentTests" name="verifyEmailTest" time="0.137"/>
  <system-out/>
  <testcase classname="com.typicode.jsonplaceholder.tests.CommentTests" name="verifyEmailTest" time="0.166"/>
  <system-out/>
  <testcase classname="com.typicode.jsonplaceholder.tests.CommentTests" name="verifyEmailTest" time="0.131"/>
  <system-out/>
  <testcase classname="com.typicode.jsonplaceholder.tests.CommentTests" name="verifyEmailTest" time="0.171"/>
  <system-out/>
  <testcase classname="com.typicode.jsonplaceholder.tests.CommentTests" name="verifyEmailTest" time="0.123"/>
  <system-out/>
  <testcase classname="com.typicode.jsonplaceholder.tests.CommentTests" name="verifyEmailTest" time="0.130"/>
  <system-out/>
  <testcase classname="com.typicode.jsonplaceholder.tests.CommentTests" name="verifyEmailTest" time="0.143"/>
  <system-out/>
  <testcase classname="com.typicode.jsonplaceholder.tests.CommentTests" name="verifyEmailTest" time="0.137"/>
  <system-out/>
  <testcase classname="com.typicode.jsonplaceholder.tests.CommentTests" name="verifyEmailTest" time="0.156"/>
  <system-out/>
  <testcase classname="com.typicode.jsonplaceholder.tests.CommentTests" name="verifyEmailTest" time="0.144"/>
  <system-out/>
</testsuite> <!-- com.typicode.jsonplaceholder.tests.CommentTests -->
