<?xml version="1.0" encoding="UTF-8"?>
<!-- Generated by org.testng.reporters.JUnitReportReporter -->
<testsuite hostname="MSI" failures="0" tests="50" name="com.typicode.jsonplaceholder.tests.CommentTests" time="9.852" errors="0" timestamp="2021-05-14T15:31:25 IST" skipped="0">
  <testcase classname="com.typicode.jsonplaceholder.tests.CommentTests" name="verifyEmailTest" time="0.141"/>
  <system-out/>
  <testcase classname="com.typicode.jsonplaceholder.tests.CommentTests" name="verifyEmailTest" time="0.190"/>
  <system-out/>
  <testcase classname="com.typicode.jsonplaceholder.tests.CommentTests" name="verifyEmailTest" time="0.189"/>
  <system-out/>
  <testcase classname="com.typicode.jsonplaceholder.tests.CommentTests" name="verifyEmailTest" time="0.168"/>
  <system-out/>
  <testcase classname="com.typicode.jsonplaceholder.tests.CommentTests" name="verifyEmailTest" time="0.155"/>
  <system-out/>
  <testcase classname="com.typicode.jsonplaceholder.tests.CommentTests" name="verifyEmailTest" time="0.176"/>
  <system-out/>
  <testcase classname="com.typicode.jsonplaceholder.tests.CommentTests" name="verifyEmailTest" time="0.157"/>
  <system-out/>
  <testcase classname="com.typicode.jsonplaceholder.tests.CommentTests" name="verifyEmailTest" time="0.131"/>
  <system-out/>
  <testcase classname="com.typicode.jsonplaceholder.tests.CommentTests" name="verifyEmailTest" time="0.148"/>
  <system-out/>
  <testcase classname="com.typicode.jsonplaceholder.tests.CommentTests" name="verifyEmailTest" time="0.170"/>
  <system-out/>
  <testcase classname="com.typicode.jsonplaceholder.tests.CommentTests" name="verifyEmailTest" time="0.178"/>
  <system-out/>
  <testcase classname="com.typicode.jsonplaceholder.tests.CommentTests" name="verifyEmailTest" time="0.178"/>
  <system-out/>
  <testcase classname="com.typicode.jsonplaceholder.tests.CommentTests" name="verifyEmailTest" time="0.258"/>
  <system-out/>
  <testcase classname="com.typicode.jsonplaceholder.tests.CommentTests" name="verifyEmailTest" time="0.183"/>
  <system-out/>
  <testcase classname="com.typicode.jsonplaceholder.tests.CommentTests" name="verifyEmailTest" time="0.144"/>
  <system-out/>
  <testcase classname="com.typicode.jsonplaceholder.tests.CommentTests" name="verifyEmailTest" time="0.148"/>
  <system-out/>
  <testcase classname="com.typicode.jsonplaceholder.tests.CommentTests" name="verifyEmailTest" time="0.169"/>
  <system-out/>
  <testcase classname="com.typicode.jsonplaceholder.tests.CommentTests" name="verifyEmailTest" time="0.143"/>
  <system-out/>
  <testcase classname="com.typicode.jsonplaceholder.tests.CommentTests" name="verifyEmailTest" time="0.171"/>
  <system-out/>
  <testcase classname="com.typicode.jsonplaceholder.tests.CommentTests" name="verifyEmailTest" time="0.172"/>
  <system-out/>
  <testcase classname="com.typicode.jsonplaceholder.tests.CommentTests" name="verifyEmailTest" time="0.168"/>
  <system-out/>
  <testcase classname="com.typicode.jsonplaceholder.tests.CommentTests" name="verifyEmailTest" time="0.150"/>
  <system-out/>
  <testcase classname="com.typicode.jsonplaceholder.tests.CommentTests" name="verifyEmailTest" time="0.226"/>
  <system-out/>
  <testcase classname="com.typicode.jsonplaceholder.tests.CommentTests" name="verifyEmailTest" time="0.137"/>
  <system-out/>
  <testcase classname="com.typicode.jsonplaceholder.tests.CommentTests" name="verifyEmailTest" time="0.162"/>
  <system-out/>
  <testcase classname="com.typicode.jsonplaceholder.tests.CommentTests" name="verifyEmailTest" time="0.165"/>
  <system-out/>
  <testcase classname="com.typicode.jsonplaceholder.tests.CommentTests" name="verifyEmailTest" time="0.226"/>
  <system-out/>
  <testcase classname="com.typicode.jsonplaceholder.tests.CommentTests" name="verifyEmailTest" time="0.196"/>
  <system-out/>
  <testcase classname="com.typicode.jsonplaceholder.tests.CommentTests" name="verifyEmailTest" time="0.182"/>
  <system-out/>
  <testcase classname="com.typicode.jsonplaceholder.tests.CommentTests" name="verifyEmailTest" time="1.675"/>
  <system-out/>
  <testcase classname="com.typicode.jsonplaceholder.tests.CommentTests" name="verifyEmailTest" time="0.134"/>
  <system-out/>
  <testcase classname="com.typicode.jsonplaceholder.tests.CommentTests" name="verifyEmailTest" time="0.159"/>
  <system-out/>
  <testcase classname="com.typicode.jsonplaceholder.tests.CommentTests" name="verifyEmailTest" time="0.171"/>
  <system-out/>
  <testcase classname="com.typicode.jsonplaceholder.tests.CommentTests" name="verifyEmailTest" time="0.183"/>
  <system-out/>
  <testcase classname="com.typicode.jsonplaceholder.tests.CommentTests" name="verifyEmailTest" time="0.162"/>
  <system-out/>
  <testcase classname="com.typicode.jsonplaceholder.tests.CommentTests" name="verifyEmailTest" time="0.164"/>
  <system-out/>
  <testcase classname="com.typicode.jsonplaceholder.tests.CommentTests" name="verifyEmailTest" time="0.149"/>
  <system-out/>
  <testcase classname="com.typicode.jsonplaceholder.tests.CommentTests" name="verifyEmailTest" time="0.149"/>
  <system-out/>
  <testcase classname="com.typicode.jsonplaceholder.tests.CommentTests" name="verifyEmailTest" time="0.181"/>
  <system-out/>
  <testcase classname="com.typicode.jsonplaceholder.tests.CommentTests" name="verifyEmailTest" time="0.166"/>
  <system-out/>
  <testcase classname="com.typicode.jsonplaceholder.tests.CommentTests" name="verifyEmailTest" time="0.153"/>
  <system-out/>
  <testcase classname="com.typicode.jsonplaceholder.tests.CommentTests" name="verifyEmailTest" time="0.131"/>
  <system-out/>
  <testcase classname="com.typicode.jsonplaceholder.tests.CommentTests" name="verifyEmailTest" time="0.155"/>
  <system-out/>
  <testcase classname="com.typicode.jsonplaceholder.tests.CommentTests" name="verifyEmailTest" time="0.188"/>
  <system-out/>
  <testcase classname="com.typicode.jsonplaceholder.tests.CommentTests" name="verifyEmailTest" time="0.154"/>
  <system-out/>
  <testcase classname="com.typicode.jsonplaceholder.tests.CommentTests" name="verifyEmailTest" time="0.153"/>
  <system-out/>
  <testcase classname="com.typicode.jsonplaceholder.tests.CommentTests" name="verifyEmailTest" time="0.169"/>
  <system-out/>
  <testcase classname="com.typicode.jsonplaceholder.tests.CommentTests" name="verifyEmailTest" time="0.184"/>
  <system-out/>
  <testcase classname="com.typicode.jsonplaceholder.tests.CommentTests" name="verifyEmailTest" time="0.148"/>
  <system-out/>
  <testcase classname="com.typicode.jsonplaceholder.tests.CommentTests" name="verifyEmailTest" time="0.143"/>
  <system-out/>
</testsuite> <!-- com.typicode.jsonplaceholder.tests.CommentTests -->
